(0000) 3000  0011000000000000 (  12)                 .ORIG x3000
(3000) 2012  0010000000010010 (  15)                 LD    R0 n
(3001) EA12  1110101000010010 (  16)                 LEA   R5 array
(3002) 220E  0010001000001110 (  17)                 LD    R1 sumPos
(3003) 240E  0010010000001110 (  18)                 LD    R2 sumNeg
(3004) 6940  0110100101000000 (  20) loop            LDR   R4 R5 #0
(3005) 0802  0000100000000010 (  22)                 BRN   ifneg
(3006) 1244  0001001001000100 (  23)                 ADD   R1 R1 R4
(3007) 0E01  0000111000000001 (  24)                 BRNZP endblock
(3008) 1484  0001010010000100 (  26) ifneg           ADD   R2 R2 R4
(3009) 1B61  0001101101100001 (  28) endblock        ADD   R5 R5 #1
(300A) 103F  0001000000111111 (  29)                 ADD   R0 R0 #-1
(300B) 03F8  0000001111111000 (  30)                 BRP   loop
(300C) 3204  0011001000000100 (  31)                 ST    R1 sumPos
(300D) 3404  0011010000000100 (  32)                 ST    R2 sumNeg
(300E) E00F  1110000000001111 (  34)                 LEA   R0 eopMessage
(300F) F022  1111000000100010 (  35)                 TRAP  x22
(3010) F025  1111000000100101 (  36)                 TRAP  x25
(3011) 0000  0000000000000000 (  39) sumPos          .FILL x0000
(3012) 0000  0000000000000000 (  41) sumNeg          .FILL x0000
(3013) 000A  0000000000001010 (  43) n               .FILL x000A
(3014) FFFD  1111111111111101 (  45) array           .FILL xFFFD
(3015) FFF6  1111111111110110 (  46)                 .FILL xFFF6
(3016) 0000  0000000000000000 (  47)                 .FILL x0000
(3017) 0006  0000000000000110 (  48)                 .FILL x0006
(3018) FFFA  1111111111111010 (  49)                 .FILL xFFFA
(3019) 0003  0000000000000011 (  50)                 .FILL x0003
(301A) 0004  0000000000000100 (  51)                 .FILL x0004
(301B) 0000  0000000000000000 (  52)                 .FILL x0000
(301C) 0005  0000000000000101 (  53)                 .FILL x0005
(301D) FFF7  1111111111110111 (  54)                 .FILL xFFF7
(301E) 000A  0000000000001010 (  56) eopMessage      .FILL x000A
(301F) 0045  0000000001000101 (  56)                 .FILL x0045
(3020) 006E  0000000001101110 (  56)                 .FILL x006E
(3021) 0064  0000000001100100 (  56)                 .FILL x0064
(3022) 0020  0000000000100000 (  56)                 .FILL x0020
(3023) 006F  0000000001101111 (  56)                 .FILL x006F
(3024) 0066  0000000001100110 (  56)                 .FILL x0066
(3025) 0020  0000000000100000 (  56)                 .FILL x0020
(3026) 0070  0000000001110000 (  56)                 .FILL x0070
(3027) 0072  0000000001110010 (  56)                 .FILL x0072
(3028) 006F  0000000001101111 (  56)                 .FILL x006F
(3029) 0063  0000000001100011 (  56)                 .FILL x0063
(302A) 0065  0000000001100101 (  56)                 .FILL x0065
(302B) 0073  0000000001110011 (  56)                 .FILL x0073
(302C) 0073  0000000001110011 (  56)                 .FILL x0073
(302D) 0069  0000000001101001 (  56)                 .FILL x0069
(302E) 006E  0000000001101110 (  56)                 .FILL x006E
(302F) 0067  0000000001100111 (  56)                 .FILL x0067
(3030) 002E  0000000000101110 (  56)                 .FILL x002E
(3031) 000A  0000000000001010 (  56)                 .FILL x000A
(3032) 0000  0000000000000000 (  56)                 .FILL x0000
