(0000) 3000  0011000000000000 (  11)                 .ORIG x3000
(3000) E010  1110000000010000 (  14)                 LEA   R0 prompt
(3001) F022  1111000000100010 (  15)                 TRAP  x22
(3002) F020  1111000000100000 (  16)                 TRAP  x20
(3003) 2220  0010001000100000 (  17)                 LD    R1 removeAsciiOffset
(3004) 1001  0001000000000001 (  18)                 ADD   R0 R0 R1
(3005) 0402  0000010000000010 (  19)                 BRZ   if
(3006) A007  1010000000000111 (  20)                 LDI   R0 chr2Ptr
(3007) 0E01  0000111000000001 (  21)                 BRNZP endif
(3008) A004  1010000000000100 (  23) if              LDI   R0 chr1Ptr
(3009) F021  1111000000100001 (  26) endif           TRAP  x21
(300A) E01A  1110000000011010 (  27)                 LEA   R0 eopMessage
(300B) F022  1111000000100010 (  28)                 TRAP  x22
(300C) F025  1111000000100101 (  29)                 TRAP  x25
(300D) 300F  0011000000001111 (  32) chr1Ptr         .FILL x300F
(300E) 3010  0011000000010000 (  33) chr2Ptr         .FILL x3010
(300F) 0041  0000000001000001 (  35) chr1            .FILL x0041
(3010) 005A  0000000001011010 (  36) chr2            .FILL x005A
(3011) 0045  0000000001000101 (  37) prompt          .FILL x0045
(3012) 004E  0000000001001110 (  37)                 .FILL x004E
(3013) 0054  0000000001010100 (  37)                 .FILL x0054
(3014) 0045  0000000001000101 (  37)                 .FILL x0045
(3015) 0052  0000000001010010 (  37)                 .FILL x0052
(3016) 0020  0000000000100000 (  37)                 .FILL x0020
(3017) 0027  0000000000100111 (  37)                 .FILL x0027
(3018) 0031  0000000000110001 (  37)                 .FILL x0031
(3019) 0027  0000000000100111 (  37)                 .FILL x0027
(301A) 0020  0000000000100000 (  37)                 .FILL x0020
(301B) 004F  0000000001001111 (  37)                 .FILL x004F
(301C) 0052  0000000001010010 (  37)                 .FILL x0052
(301D) 0020  0000000000100000 (  37)                 .FILL x0020
(301E) 0027  0000000000100111 (  37)                 .FILL x0027
(301F) 0030  0000000000110000 (  37)                 .FILL x0030
(3020) 0027  0000000000100111 (  37)                 .FILL x0027
(3021) 0020  0000000000100000 (  37)                 .FILL x0020
(3022) 000A  0000000000001010 (  37)                 .FILL x000A
(3023) 0000  0000000000000000 (  37)                 .FILL x0000
(3024) FFD0  1111111111010000 (  38) removeAsciiOffset .FILL xFFD0
(3025) 000A  0000000000001010 (  41) eopMessage      .FILL x000A
(3026) 0045  0000000001000101 (  41)                 .FILL x0045
(3027) 006E  0000000001101110 (  41)                 .FILL x006E
(3028) 0064  0000000001100100 (  41)                 .FILL x0064
(3029) 0020  0000000000100000 (  41)                 .FILL x0020
(302A) 006F  0000000001101111 (  41)                 .FILL x006F
(302B) 0066  0000000001100110 (  41)                 .FILL x0066
(302C) 0020  0000000000100000 (  41)                 .FILL x0020
(302D) 0070  0000000001110000 (  41)                 .FILL x0070
(302E) 0072  0000000001110010 (  41)                 .FILL x0072
(302F) 006F  0000000001101111 (  41)                 .FILL x006F
(3030) 0063  0000000001100011 (  41)                 .FILL x0063
(3031) 0065  0000000001100101 (  41)                 .FILL x0065
(3032) 0073  0000000001110011 (  41)                 .FILL x0073
(3033) 0073  0000000001110011 (  41)                 .FILL x0073
(3034) 0069  0000000001101001 (  41)                 .FILL x0069
(3035) 006E  0000000001101110 (  41)                 .FILL x006E
(3036) 0067  0000000001100111 (  41)                 .FILL x0067
(3037) 002E  0000000000101110 (  41)                 .FILL x002E
(3038) 000A  0000000000001010 (  41)                 .FILL x000A
(3039) 0000  0000000000000000 (  41)                 .FILL x0000
